<?xml version="1.0" encoding="UTF-8"?>
<!-- Generated by org.testng.reporters.JUnitReportReporter -->
<testsuite skipped="0" hostname="CTLINDT-0231" name="TestRunner.NewTest" tests="1" failures="0" timestamp="14 Nov 2019 18:48:34 GMT" time="7.718" errors="0">
  <testcase name="feature" time="7.718" classname="TestRunner.NewTest"/>
</testsuite> <!-- TestRunner.NewTest -->
