<?xml version="1.0" encoding="UTF-8"?>
<!-- Generated by org.testng.reporters.JUnitReportReporter -->
<testsuite hostname="CTLINDT-0231" name="TestRunner.NewTest" tests="2" failures="0" timestamp="16 Nov 2019 21:49:14 GMT" time="16.565" errors="0">
  <testcase name="feature" time="9.753" classname="TestRunner.NewTest"/>
  <testcase name="feature" time="6.812" classname="TestRunner.NewTest"/>
</testsuite> <!-- TestRunner.NewTest -->
